<?xml version="1.0" encoding="UTF-8"?>
<!-- Generated by org.testng.reporters.JUnitReportReporter -->
<testsuite hostname="DESKTOP-1D3CBA8" failures="0" tests="1" name="STUDY_TC.DELETESTUDENTPAGE" time="1.790" errors="0" timestamp="2023-01-06T21:31:25 IST" skipped="0">
  <testcase classname="STUDY_TC.DELETESTUDENTPAGE" name="DELETESTUDENT" time="1.790"/>
  <system-out/>
</testsuite> <!-- STUDY_TC.DELETESTUDENTPAGE -->
