<?xml version="1.0" encoding="UTF-8"?>
<!-- Generated by org.testng.reporters.JUnitReportReporter -->
<testsuite hostname="DESKTOP-1D3CBA8" failures="0" tests="1" name="STUDY_TC.VIEWSTUDENTPAGE" time="5.913" errors="0" timestamp="2023-01-06T21:40:45 IST" skipped="0">
  <testcase classname="STUDY_TC.VIEWSTUDENTPAGE" name="VIEW_STUDENT" time="5.913"/>
  <system-out/>
</testsuite> <!-- STUDY_TC.VIEWSTUDENTPAGE -->
