<?xml version="1.0" encoding="UTF-8"?>
<!-- Generated by org.testng.reporters.JUnitReportReporter -->
<testsuite hostname="DESKTOP-1D3CBA8" failures="0" tests="1" name="STUDY_TC.DELETEDESKPAGE" time="2.108" errors="0" timestamp="2023-01-06T21:40:45 IST" skipped="0">
  <testcase classname="STUDY_TC.DELETEDESKPAGE" name="DELETEDESK" time="2.108"/>
  <system-out/>
</testsuite> <!-- STUDY_TC.DELETEDESKPAGE -->
