<?xml version="1.0" encoding="UTF-8"?>
<!-- Generated by org.testng.reporters.JUnitReportReporter -->
<testsuite hostname="DESKTOP-1D3CBA8" failures="0" tests="1" name="STUDY_TC.ADDSTUDENTPAGE" time="4.271" errors="0" timestamp="2023-01-06T21:40:45 IST" skipped="0">
  <testcase classname="STUDY_TC.ADDSTUDENTPAGE" name="ADD_STUDENTS" time="4.271"/>
  <system-out/>
</testsuite> <!-- STUDY_TC.ADDSTUDENTPAGE -->
